2021-05-31 12:02:59,712 [INFO] Activator:170 - 


2021-05-31 12:02:59,786 [INFO] Activator:171 - !SESSION log4j initialized
2021-05-31 12:05:14,211 [INFO] Activator:170 - 


2021-05-31 12:05:14,213 [INFO] Activator:171 - !SESSION log4j initialized
2021-05-31 12:06:19,838 [INFO] RetryExec:97 - I/O exception (java.net.SocketException) caught when processing request to {s}->https://marketplace.eclipse.org:443: Network is unreachable: connect
2021-05-31 12:06:19,842 [INFO] RetryExec:113 - Retrying request to {s}->https://marketplace.eclipse.org:443
2021-05-31 12:06:19,843 [INFO] RetryExec:97 - I/O exception (java.net.SocketException) caught when processing request to {s}->https://marketplace.eclipse.org:443: Network is unreachable: connect
2021-05-31 12:06:19,853 [INFO] RetryExec:113 - Retrying request to {s}->https://marketplace.eclipse.org:443
2021-05-31 12:06:19,855 [INFO] RetryExec:97 - I/O exception (java.net.SocketException) caught when processing request to {s}->https://marketplace.eclipse.org:443: Network is unreachable: connect
2021-05-31 12:06:19,856 [INFO] RetryExec:113 - Retrying request to {s}->https://marketplace.eclipse.org:443
2021-05-31 12:10:10,231 [INFO] Activator:170 - 


2021-05-31 12:10:10,233 [INFO] Activator:171 - !SESSION log4j initialized
2021-05-31 12:10:13,192 [ERROR] LogOutputStream:74 - [STDERR_REDIRECT] SLF4J: Failed to load class "org.slf4j.impl.StaticLoggerBinder".
2021-05-31 12:10:13,195 [ERROR] LogOutputStream:74 - [STDERR_REDIRECT] SLF4J: Defaulting to no-operation (NOP) logger implementation
2021-05-31 12:10:13,199 [ERROR] LogOutputStream:74 - [STDERR_REDIRECT] SLF4J: See http://www.slf4j.org/codes.html#StaticLoggerBinder for further details.
2021-05-31 12:29:03,787 [ERROR] ApiDbMcu:1471 - Can't use Application install path:
2021-05-31 12:29:09,099 [WARN] RulesReader:54 - Compatibility file://mcu/compatibility.xml not found
2021-05-31 12:34:27,801 [INFO] Activator:170 - 


2021-05-31 12:34:27,835 [INFO] Activator:171 - !SESSION log4j initialized
2021-05-31 12:34:32,075 [INFO] McuFinderGlobals:39 - Set McuFinder mode to 2 (CubeIDE integrated)
2021-05-31 12:34:41,006 [INFO] ApplicationProperties:181 - Using Application install path: C:\ST\STM32CubeIDE_1.5.1\STM32CubeIDE\plugins\com.st.stm32cube.common.mx_6.2.1.202103241236
2021-05-31 12:34:41,025 [INFO] DbMcusXml:74 - Set database path to: C:\ST\STM32CubeIDE_1.5.1\STM32CubeIDE\plugins\com.st.stm32cube.common.mx_6.2.1.202103241236\\db\/mcu/
2021-05-31 12:34:41,028 [INFO] DbBoardsPdsc:56 - Set plugin database path to: C:\ST\STM32CubeIDE_1.5.1\STM32CubeIDE\plugins\com.st.stm32cube.common.mx_6.2.1.202103241236\\db\/plugins/boardmanager/
2021-05-31 12:34:41,028 [INFO] DbMcus:258 - Set plugin images path to: C:\ST\STM32CubeIDE_1.5.1\STM32CubeIDE\plugins\com.st.stm32cube.common.mx_6.2.1.202103241236\\db\/plugins/mcufinder/images/
2021-05-31 12:34:41,029 [INFO] DbBoards:264 - Set plugin images path to: C:\ST\STM32CubeIDE_1.5.1\STM32CubeIDE\plugins\com.st.stm32cube.common.mx_6.2.1.202103241236\\db\/plugins/mcufinder/images/
2021-05-31 12:34:41,031 [INFO] DbExamples:333 - Set plugin images path to: C:\ST\STM32CubeIDE_1.5.1\STM32CubeIDE\plugins\com.st.stm32cube.common.mx_6.2.1.202103241236\\db\/plugins/mcufinder/images/
2021-05-31 12:34:41,148 [INFO] DbMcusAds:85 - Set database path to: C:\Users\Thanapoom\.stmcufinder\plugins\mcufinder//mcu/
2021-05-31 12:34:41,149 [INFO] DbMcusDocs:110 - Set database path to: C:\Users\Thanapoom\.stmcufinder\plugins\mcufinder//mcu/
2021-05-31 12:34:41,151 [INFO] DbMcusJson:65 - Set database path to: C:\Users\Thanapoom\.stmcufinder\plugins\mcufinder//mcu/
2021-05-31 12:34:41,151 [INFO] DbBoardsDocs:110 - Set database path to: C:\Users\Thanapoom\.stmcufinder\plugins\mcufinder//mcu/
2021-05-31 12:34:41,152 [INFO] DbBoardsJson:58 - Set database path to: C:\Users\Thanapoom\.stmcufinder\plugins\mcufinder//mcu/
2021-05-31 12:34:41,214 [INFO] CrossReferenceDbSqlite:196 - Set database path to: C:\Users\Thanapoom\.stmcufinder\plugins\mcufinder//mcu/cs/
2021-05-31 12:34:41,217 [INFO] DbExamplesSqlite:690 - Set database path to: C:\Users\Thanapoom\.stmcufinder\plugins\mcufinder//mcu/
2021-05-31 12:34:41,353 [INFO] RulesReader:52 - Compatibility file has been processed (237 Rules)
2021-05-31 12:34:41,975 [INFO] MicroXplorer:622 - Detected Java Version = 11.0.9.1
2021-05-31 12:34:41,976 [INFO] DbMcusXml:74 - Set database path to: C:\ST\STM32CubeIDE_1.5.1\STM32CubeIDE\plugins\com.st.stm32cube.common.mx_6.2.1.202103241236\\db\/mcu/
2021-05-31 12:34:41,976 [INFO] DbBoardsPdsc:56 - Set plugin database path to: C:\ST\STM32CubeIDE_1.5.1\STM32CubeIDE\plugins\com.st.stm32cube.common.mx_6.2.1.202103241236\\db\/plugins/boardmanager/
2021-05-31 12:34:41,976 [INFO] DbMcus:258 - Set plugin images path to: C:\ST\STM32CubeIDE_1.5.1\STM32CubeIDE\plugins\com.st.stm32cube.common.mx_6.2.1.202103241236\\db\/plugins/mcufinder/images/
2021-05-31 12:34:41,976 [INFO] DbBoards:264 - Set plugin images path to: C:\ST\STM32CubeIDE_1.5.1\STM32CubeIDE\plugins\com.st.stm32cube.common.mx_6.2.1.202103241236\\db\/plugins/mcufinder/images/
2021-05-31 12:34:41,976 [INFO] DbExamples:333 - Set plugin images path to: C:\ST\STM32CubeIDE_1.5.1\STM32CubeIDE\plugins\com.st.stm32cube.common.mx_6.2.1.202103241236\\db\/plugins/mcufinder/images/
2021-05-31 12:34:41,977 [WARN] DbFile:35 - Overriding database path with different value: C:\Users\Thanapoom\.stmcufinder\plugins\mcufinder/ => C:\Users\Thanapoom\.stmcufinder\plugins\mcufinder
2021-05-31 12:34:41,977 [INFO] DbMcusAds:85 - Set database path to: C:\Users\Thanapoom\.stmcufinder\plugins\mcufinder//mcu/
2021-05-31 12:34:41,977 [WARN] DbFile:35 - Overriding database path with different value: C:\Users\Thanapoom\.stmcufinder\plugins\mcufinder/ => C:\Users\Thanapoom\.stmcufinder\plugins\mcufinder
2021-05-31 12:34:41,977 [INFO] DbMcusDocs:110 - Set database path to: C:\Users\Thanapoom\.stmcufinder\plugins\mcufinder//mcu/
2021-05-31 12:34:41,977 [WARN] DbFile:35 - Overriding database path with different value: C:\Users\Thanapoom\.stmcufinder\plugins\mcufinder/ => C:\Users\Thanapoom\.stmcufinder\plugins\mcufinder
2021-05-31 12:34:41,977 [INFO] DbMcusJson:65 - Set database path to: C:\Users\Thanapoom\.stmcufinder\plugins\mcufinder//mcu/
2021-05-31 12:34:41,977 [WARN] DbFile:35 - Overriding database path with different value: C:\Users\Thanapoom\.stmcufinder\plugins\mcufinder/ => C:\Users\Thanapoom\.stmcufinder\plugins\mcufinder
2021-05-31 12:34:41,978 [INFO] DbBoardsDocs:110 - Set database path to: C:\Users\Thanapoom\.stmcufinder\plugins\mcufinder//mcu/
2021-05-31 12:34:41,978 [WARN] DbFile:35 - Overriding database path with different value: C:\Users\Thanapoom\.stmcufinder\plugins\mcufinder/ => C:\Users\Thanapoom\.stmcufinder\plugins\mcufinder
2021-05-31 12:34:41,978 [INFO] DbBoardsJson:58 - Set database path to: C:\Users\Thanapoom\.stmcufinder\plugins\mcufinder//mcu/
2021-05-31 12:34:41,978 [WARN] DbFile:35 - Overriding database path with different value: C:\Users\Thanapoom\.stmcufinder\plugins\mcufinder/ => C:\Users\Thanapoom\.stmcufinder\plugins\mcufinder
2021-05-31 12:34:41,978 [WARN] DbFile:35 - Overriding database path with different value: C:\Users\Thanapoom\.stmcufinder\plugins\mcufinder/ => C:\Users\Thanapoom\.stmcufinder\plugins\mcufinder
2021-05-31 12:34:41,978 [INFO] CrossReferenceDbSqlite:196 - Set database path to: C:\Users\Thanapoom\.stmcufinder\plugins\mcufinder//mcu/cs/
2021-05-31 12:34:41,979 [WARN] DbFile:35 - Overriding database path with different value: C:\Users\Thanapoom\.stmcufinder\plugins\mcufinder/ => C:\Users\Thanapoom\.stmcufinder\plugins\mcufinder
2021-05-31 12:34:41,979 [INFO] DbExamplesSqlite:690 - Set database path to: C:\Users\Thanapoom\.stmcufinder\plugins\mcufinder//mcu/
2021-05-31 12:34:42,104 [INFO] MainPanel:204 - HeapMemory: 268435456
2021-05-31 12:34:42,469 [INFO] DbMcusXml:74 - Set database path to: C:\ST\STM32CubeIDE_1.5.1\STM32CubeIDE\plugins\com.st.stm32cube.common.mx_6.2.1.202103241236\\db\/mcu/
2021-05-31 12:34:42,469 [INFO] DbBoardsPdsc:56 - Set plugin database path to: C:\ST\STM32CubeIDE_1.5.1\STM32CubeIDE\plugins\com.st.stm32cube.common.mx_6.2.1.202103241236\\db\/plugins/boardmanager/
2021-05-31 12:34:42,469 [INFO] DbMcus:258 - Set plugin images path to: C:\ST\STM32CubeIDE_1.5.1\STM32CubeIDE\plugins\com.st.stm32cube.common.mx_6.2.1.202103241236\\db\/plugins/mcufinder/images/
2021-05-31 12:34:42,469 [INFO] DbBoards:264 - Set plugin images path to: C:\ST\STM32CubeIDE_1.5.1\STM32CubeIDE\plugins\com.st.stm32cube.common.mx_6.2.1.202103241236\\db\/plugins/mcufinder/images/
2021-05-31 12:34:42,469 [INFO] DbExamples:333 - Set plugin images path to: C:\ST\STM32CubeIDE_1.5.1\STM32CubeIDE\plugins\com.st.stm32cube.common.mx_6.2.1.202103241236\\db\/plugins/mcufinder/images/
2021-05-31 12:34:42,470 [WARN] DbFile:35 - Overriding database path with different value: C:\Users\Thanapoom\.stmcufinder\plugins\mcufinder/ => C:\Users\Thanapoom\.stmcufinder\plugins\mcufinder
2021-05-31 12:34:42,470 [INFO] DbMcusAds:85 - Set database path to: C:\Users\Thanapoom\.stmcufinder\plugins\mcufinder//mcu/
2021-05-31 12:34:42,470 [WARN] DbFile:35 - Overriding database path with different value: C:\Users\Thanapoom\.stmcufinder\plugins\mcufinder/ => C:\Users\Thanapoom\.stmcufinder\plugins\mcufinder
2021-05-31 12:34:42,470 [INFO] DbMcusDocs:110 - Set database path to: C:\Users\Thanapoom\.stmcufinder\plugins\mcufinder//mcu/
2021-05-31 12:34:42,470 [WARN] DbFile:35 - Overriding database path with different value: C:\Users\Thanapoom\.stmcufinder\plugins\mcufinder/ => C:\Users\Thanapoom\.stmcufinder\plugins\mcufinder
2021-05-31 12:34:42,471 [INFO] DbMcusJson:65 - Set database path to: C:\Users\Thanapoom\.stmcufinder\plugins\mcufinder//mcu/
2021-05-31 12:34:42,471 [WARN] DbFile:35 - Overriding database path with different value: C:\Users\Thanapoom\.stmcufinder\plugins\mcufinder/ => C:\Users\Thanapoom\.stmcufinder\plugins\mcufinder
2021-05-31 12:34:42,471 [INFO] DbBoardsDocs:110 - Set database path to: C:\Users\Thanapoom\.stmcufinder\plugins\mcufinder//mcu/
2021-05-31 12:34:42,471 [WARN] DbFile:35 - Overriding database path with different value: C:\Users\Thanapoom\.stmcufinder\plugins\mcufinder/ => C:\Users\Thanapoom\.stmcufinder\plugins\mcufinder
2021-05-31 12:34:42,471 [INFO] DbBoardsJson:58 - Set database path to: C:\Users\Thanapoom\.stmcufinder\plugins\mcufinder//mcu/
2021-05-31 12:34:42,471 [WARN] DbFile:35 - Overriding database path with different value: C:\Users\Thanapoom\.stmcufinder\plugins\mcufinder/ => C:\Users\Thanapoom\.stmcufinder\plugins\mcufinder
2021-05-31 12:34:42,471 [WARN] DbFile:35 - Overriding database path with different value: C:\Users\Thanapoom\.stmcufinder\plugins\mcufinder/ => C:\Users\Thanapoom\.stmcufinder\plugins\mcufinder
2021-05-31 12:34:42,472 [INFO] CrossReferenceDbSqlite:196 - Set database path to: C:\Users\Thanapoom\.stmcufinder\plugins\mcufinder//mcu/cs/
2021-05-31 12:34:42,472 [WARN] DbFile:35 - Overriding database path with different value: C:\Users\Thanapoom\.stmcufinder\plugins\mcufinder/ => C:\Users\Thanapoom\.stmcufinder\plugins\mcufinder
2021-05-31 12:34:42,472 [INFO] DbExamplesSqlite:690 - Set database path to: C:\Users\Thanapoom\.stmcufinder\plugins\mcufinder//mcu/
2021-05-31 12:34:42,493 [INFO] ApplicationProperties:181 - Using Application install path: C:\ST\STM32CubeIDE_1.5.1\STM32CubeIDE\plugins\com.st.stm32cube.common.mx_6.2.1.202103241236
2021-05-31 12:34:42,495 [INFO] PluginManage:178 - Search for loadable plugins [exclusion list=, ]
2021-05-31 12:34:42,513 [INFO] PluginManage:292 - Check plugin analytics
2021-05-31 12:34:43,040 [INFO] AnalyticsPlugin:233 - Accepted Software Licenses: 
2021-05-31 12:34:43,042 [INFO] AnalyticsPlugin:235 - Accepted CMSIS Pack Licenses: 
2021-05-31 12:34:43,043 [INFO] AnalyticsPlugin:237 - Accepted Firmware Licenses: 
2021-05-31 12:34:43,044 [INFO] PluginManage:342 - Loaded plugin analytics (category:tool,tabindex:-1)
2021-05-31 12:34:43,044 [INFO] PluginManage:292 - Check plugin clock
2021-05-31 12:34:43,139 [INFO] PluginManage:342 - Loaded plugin clock (category:base,tabindex:2)
2021-05-31 12:34:43,140 [INFO] PluginManage:292 - Check plugin ddr
2021-05-31 12:34:43,142 [INFO] PluginManage:342 - Loaded plugin ddr (category:tool,tabindex:6)
2021-05-31 12:34:43,142 [INFO] PluginManage:292 - Check plugin filemanager
2021-05-31 12:34:43,439 [INFO] PluginManage:342 - Loaded plugin filemanager (category:base,tabindex:10)
2021-05-31 12:34:43,439 [INFO] PluginManage:292 - Check plugin ipmanager
2021-05-31 12:34:43,447 [INFO] PluginManage:342 - Loaded plugin ipmanager (category:base,tabindex:5)
2021-05-31 12:34:43,447 [INFO] PluginManage:292 - Check plugin pinoutandconfiguration
2021-05-31 12:34:43,497 [INFO] PluginManage:342 - Loaded plugin pinoutandconfiguration (category:base,tabindex:1)
2021-05-31 12:34:43,498 [INFO] PluginManage:292 - Check plugin pinoutconfig
2021-05-31 12:34:43,601 [INFO] PluginManage:342 - Loaded plugin pinoutconfig (category:base,tabindex:0)
2021-05-31 12:34:43,601 [INFO] PluginManage:292 - Check plugin power
2021-05-31 12:34:43,633 [INFO] PluginManage:342 - Loaded plugin power (category:power,tabindex:4)
2021-05-31 12:34:43,634 [INFO] PluginManage:292 - Check plugin projectmanager
2021-05-31 12:34:43,652 [INFO] PluginManage:342 - Loaded plugin projectmanager (category:projectmanager,tabindex:3)
2021-05-31 12:34:43,652 [INFO] PluginManage:292 - Check plugin thirdparty
2021-05-31 12:34:43,805 [INFO] PluginManage:342 - Loaded plugin thirdparty (category:base,tabindex:-1)
2021-05-31 12:34:43,805 [INFO] PluginManage:292 - Check plugin tools
2021-05-31 12:34:43,805 [WARN] IntegrityCheckThread:59 - waiting for thirdparty lock release [integrity check]
2021-05-31 12:34:43,806 [INFO] IntegrityCheckThread:61 - entering critical section [integrity check]
2021-05-31 12:34:43,806 [INFO] ThirdPartyUpdaterWithRetryManager:56 - Updater plugin not ready yet. [1/15]
2021-05-31 12:34:43,830 [INFO] PluginManage:342 - Loaded plugin tools (category:base,tabindex:7)
2021-05-31 12:34:43,831 [INFO] PluginManage:292 - Check plugin tutovideos
2021-05-31 12:34:44,037 [INFO] PluginManage:342 - Loaded plugin tutovideos (category:base,tabindex:-1)
2021-05-31 12:34:44,037 [INFO] PluginManage:292 - Check plugin updater
2021-05-31 12:34:44,048 [INFO] PluginManage:342 - Loaded plugin updater (category:base,tabindex:12)
2021-05-31 12:34:44,049 [INFO] PluginManage:265 - PluginManage : Loaded plugins [13]
2021-05-31 12:34:45,196 [INFO] PinOutPanel:1435 - setPackage(No Configuration,No Configuration)
2021-05-31 12:34:45,315 [INFO] IPUIPlugin:64 - create IPUIPlugin
2021-05-31 12:34:45,316 [INFO] PluginManager:203 - loadIPPluginJar : add adc
2021-05-31 12:34:45,321 [INFO] IPUIPlugin:64 - create IPUIPlugin
2021-05-31 12:34:45,321 [INFO] PluginManager:203 - loadIPPluginJar : add aes
2021-05-31 12:34:45,326 [INFO] IPUIPlugin:64 - create IPUIPlugin
2021-05-31 12:34:45,326 [INFO] PluginManager:203 - loadIPPluginJar : add can
2021-05-31 12:34:45,330 [INFO] IPUIPlugin:64 - create IPUIPlugin
2021-05-31 12:34:45,330 [INFO] PluginManager:203 - loadIPPluginJar : add comp
2021-05-31 12:34:45,333 [INFO] IPUIPlugin:64 - create IPUIPlugin
2021-05-31 12:34:45,334 [INFO] PluginManager:203 - loadIPPluginJar : add cryp
2021-05-31 12:34:45,338 [INFO] IPUIPlugin:64 - create IPUIPlugin
2021-05-31 12:34:45,338 [INFO] PluginManager:203 - loadIPPluginJar : add dfsdm
2021-05-31 12:34:45,349 [INFO] IPUIPlugin:64 - create IPUIPlugin
2021-05-31 12:34:45,349 [INFO] PluginManager:203 - loadIPPluginJar : add dma
2021-05-31 12:34:45,353 [INFO] IPUIPlugin:64 - create IPUIPlugin
2021-05-31 12:34:45,353 [INFO] PluginManager:203 - loadIPPluginJar : add fatfs
2021-05-31 12:34:45,361 [INFO] IPUIPlugin:64 - create IPUIPlugin
2021-05-31 12:34:45,362 [INFO] PluginManager:203 - loadIPPluginJar : add fmc
2021-05-31 12:34:45,403 [INFO] IPUIPlugin:64 - create IPUIPlugin
2021-05-31 12:34:45,404 [INFO] PluginManager:203 - loadIPPluginJar : add freertos
2021-05-31 12:34:45,407 [INFO] IPUIPlugin:64 - create IPUIPlugin
2021-05-31 12:34:45,407 [INFO] PluginManager:203 - loadIPPluginJar : add genericplugin
2021-05-31 12:34:45,415 [INFO] IPUIPlugin:64 - create IPUIPlugin
2021-05-31 12:34:45,416 [INFO] PluginManager:203 - loadIPPluginJar : add gfxmmu
2021-05-31 12:34:45,427 [INFO] IPUIPlugin:64 - create IPUIPlugin
2021-05-31 12:34:45,427 [INFO] PluginManager:203 - loadIPPluginJar : add gic
2021-05-31 12:34:45,445 [INFO] IPUIPlugin:64 - create IPUIPlugin
2021-05-31 12:34:45,445 [INFO] PluginManager:203 - loadIPPluginJar : add gpio
2021-05-31 12:34:45,451 [INFO] IPUIPlugin:64 - create IPUIPlugin
2021-05-31 12:34:45,451 [INFO] PluginManager:203 - loadIPPluginJar : add gtzc
2021-05-31 12:34:45,455 [INFO] IPUIPlugin:64 - create IPUIPlugin
2021-05-31 12:34:45,455 [INFO] PluginManager:203 - loadIPPluginJar : add hash
2021-05-31 12:34:45,472 [INFO] IPUIPlugin:64 - create IPUIPlugin
2021-05-31 12:34:45,472 [INFO] PluginManager:203 - loadIPPluginJar : add i2c
2021-05-31 12:34:45,478 [INFO] IPUIPlugin:64 - create IPUIPlugin
2021-05-31 12:34:45,478 [INFO] PluginManager:203 - loadIPPluginJar : add i2s
2021-05-31 12:34:45,485 [INFO] IPUIPlugin:64 - create IPUIPlugin
2021-05-31 12:34:45,485 [INFO] PluginManager:203 - loadIPPluginJar : add ipddr
2021-05-31 12:34:45,491 [INFO] IPUIPlugin:64 - create IPUIPlugin
2021-05-31 12:34:45,491 [INFO] PluginManager:203 - loadIPPluginJar : add lorawan
2021-05-31 12:34:45,494 [INFO] IPUIPlugin:64 - create IPUIPlugin
2021-05-31 12:34:45,494 [INFO] PluginManager:203 - loadIPPluginJar : add ltdc
2021-05-31 12:34:45,507 [INFO] IPUIPlugin:64 - create IPUIPlugin
2021-05-31 12:34:45,507 [INFO] PluginManager:203 - loadIPPluginJar : add mdma
2021-05-31 12:34:45,523 [INFO] IPUIPlugin:64 - create IPUIPlugin
2021-05-31 12:34:45,523 [INFO] PluginManager:203 - loadIPPluginJar : add nvic
2021-05-31 12:34:45,528 [INFO] IPUIPlugin:64 - create IPUIPlugin
2021-05-31 12:34:45,529 [INFO] PluginManager:203 - loadIPPluginJar : add opamp
2021-05-31 12:34:45,580 [INFO] IPUIPlugin:64 - create IPUIPlugin
2021-05-31 12:34:45,581 [INFO] PluginManager:203 - loadIPPluginJar : add openamp
2021-05-31 12:34:45,586 [INFO] IPUIPlugin:64 - create IPUIPlugin
2021-05-31 12:34:45,587 [INFO] PluginManager:203 - loadIPPluginJar : add pdm2pcm
2021-05-31 12:34:45,606 [INFO] IPUIPlugin:64 - create IPUIPlugin
2021-05-31 12:34:45,609 [INFO] PluginManager:203 - loadIPPluginJar : add plateformsettings
2021-05-31 12:34:45,612 [INFO] IPUIPlugin:64 - create IPUIPlugin
2021-05-31 12:34:45,612 [INFO] PluginManager:203 - loadIPPluginJar : add quadspi
2021-05-31 12:34:45,652 [INFO] IPUIPlugin:64 - create IPUIPlugin
2021-05-31 12:34:45,652 [INFO] PluginManager:203 - loadIPPluginJar : add resmgrutility
2021-05-31 12:34:45,658 [INFO] IPUIPlugin:64 - create IPUIPlugin
2021-05-31 12:34:45,658 [INFO] PluginManager:203 - loadIPPluginJar : add sai
2021-05-31 12:34:45,663 [INFO] IPUIPlugin:64 - create IPUIPlugin
2021-05-31 12:34:45,664 [INFO] PluginManager:203 - loadIPPluginJar : add spi
2021-05-31 12:34:45,670 [INFO] IPUIPlugin:64 - create IPUIPlugin
2021-05-31 12:34:45,670 [INFO] PluginManager:203 - loadIPPluginJar : add stm32_wpan
2021-05-31 12:34:45,674 [INFO] IPUIPlugin:64 - create IPUIPlugin
2021-05-31 12:34:45,674 [INFO] PluginManager:203 - loadIPPluginJar : add tim
2021-05-31 12:34:45,680 [INFO] IPUIPlugin:64 - create IPUIPlugin
2021-05-31 12:34:45,680 [INFO] PluginManager:203 - loadIPPluginJar : add touchsensing
2021-05-31 12:34:45,684 [INFO] IPUIPlugin:64 - create IPUIPlugin
2021-05-31 12:34:45,684 [INFO] PluginManager:203 - loadIPPluginJar : add tracer_emb
2021-05-31 12:34:45,687 [INFO] IPUIPlugin:64 - create IPUIPlugin
2021-05-31 12:34:45,687 [INFO] PluginManager:203 - loadIPPluginJar : add ts
2021-05-31 12:34:45,690 [INFO] IPUIPlugin:64 - create IPUIPlugin
2021-05-31 12:34:45,690 [INFO] PluginManager:203 - loadIPPluginJar : add tsc
2021-05-31 12:34:45,693 [INFO] IPUIPlugin:64 - create IPUIPlugin
2021-05-31 12:34:45,693 [INFO] PluginManager:203 - loadIPPluginJar : add ucpd
2021-05-31 12:34:45,698 [INFO] IPUIPlugin:64 - create IPUIPlugin
2021-05-31 12:34:45,699 [INFO] PluginManager:203 - loadIPPluginJar : add usart
2021-05-31 12:34:46,741 [FATAL] Updater:284 - Updater called before beeing initialized
2021-05-31 12:34:46,814 [INFO] ThirdPartyUpdaterWithRetryManager:56 - Updater plugin not ready yet. [2/15]
2021-05-31 12:34:46,917 [FATAL] Updater:284 - Updater called before beeing initialized
2021-05-31 12:34:46,921 [INFO] DbMcusAds:132 - JSON generation date=Thu Feb 11 21:55:24 ICT 2021 (1613055324029)
2021-05-31 12:34:46,921 [FATAL] Updater:284 - Updater called before beeing initialized
2021-05-31 12:34:47,219 [WARN] DetailPanel:315 - Failed to get advertising image, set to default
2021-05-31 12:34:47,419 [FATAL] Updater:284 - Updater called before beeing initialized
2021-05-31 12:34:47,421 [FATAL] Updater:284 - Updater called before beeing initialized
2021-05-31 12:34:47,421 [FATAL] Updater:284 - Updater called before beeing initialized
2021-05-31 12:34:47,421 [WARN] DetailPanel:315 - Failed to get advertising image, set to default
2021-05-31 12:34:47,423 [FATAL] Updater:284 - Updater called before beeing initialized
2021-05-31 12:34:47,492 [FATAL] Updater:284 - Updater called before beeing initialized
2021-05-31 12:34:47,492 [WARN] ThirdParty:796 - waiting for thirdparty lock release [close project]
2021-05-31 12:34:49,815 [FATAL] Updater:284 - Updater called before beeing initialized
2021-05-31 12:34:49,815 [ERROR] AbstractThirdPartyUpdaterManager:153 - class java.lang.Integer cannot be cast to class java.util.List (java.lang.Integer and java.util.List are in module java.base of loader 'bootstrap')
2021-05-31 12:34:49,815 [INFO] ThirdParty:900 - Integrity check success = false
2021-05-31 12:34:49,816 [INFO] IntegrityCheckThread:75 - exiting critical section [integrity check]
2021-05-31 12:34:49,816 [INFO] IntegrityCheckThread:78 - End integrity checks thread
2021-05-31 12:34:49,816 [INFO] ThirdParty:798 - entering critical section [close project]
2021-05-31 12:34:49,818 [INFO] ThirdParty:809 - exiting critical section [close project]
2021-05-31 12:34:49,821 [INFO] PinOutPanel:1435 - setPackage(No Configuration,No Configuration)
2021-05-31 12:34:49,822 [FATAL] Updater:284 - Updater called before beeing initialized
2021-05-31 12:34:49,831 [ERROR] Updater:1065 - MainUpdater not yet initialized. External WinMGr cannot be set.
2021-05-31 12:34:49,878 [INFO] Updater:1002 - Updater Version found : 6.2.1
2021-05-31 12:34:49,892 [INFO] ApplicationProperties:181 - Using Application install path: C:\ST\STM32CubeIDE_1.5.1\STM32CubeIDE\plugins\com.st.stm32cube.common.mx_6.2.1.202103241236
2021-05-31 12:34:50,976 [INFO] MainUpdater:479 - Copy updater definitions from MX database
2021-05-31 12:34:51,381 [INFO] MainUpdater:2661 - connection check result : 10
2021-05-31 12:34:51,381 [INFO] MainUpdater:3349 - Updater definition file requires update
2021-05-31 12:34:51,382 [INFO] MainUpdater:255 - Updater Check For Update Now.
2021-05-31 12:34:51,382 [INFO] MicroXplorer:472 - Change Database Version : DB.6.0.21
2021-05-31 12:34:51,478 [INFO] ServerAccessManage:348 - Download File updaters.zip
2021-05-31 12:34:51,552 [INFO] FileExtend:225 - Unzip File : updaters.zip
2021-05-31 12:34:51,553 [INFO] FileExtend:240 - Standard Zip Deflate
2021-05-31 12:34:53,533 [INFO] ServerAccessManage:348 - Download File PacksControlFlags.xml
2021-05-31 12:34:53,664 [INFO] ServerAccessManage:348 - Download File cubemx.pidx
2021-05-31 12:34:53,873 [INFO] LoadServerUpdatesThread:329 - End of LoadServerUpdate Thread
2021-05-31 12:34:53,899 [INFO] CheckServerUpdateThread:102 - End of CheckServer Thread
2021-05-31 12:34:53,946 [INFO] MainUpdater:2661 - connection check result : 10
2021-05-31 12:34:53,947 [INFO] MainUpdater:2661 - connection check result : 10
2021-05-31 12:34:54,379 [INFO] MicroXplorer:442 - Change Database Path : 
2021-05-31 12:34:54,379 [INFO] MicroXplorer:472 - Change Database Version : DB.6.0.21
2021-05-31 12:34:54,379 [WARN] ThirdParty:796 - waiting for thirdparty lock release [close project]
2021-05-31 12:34:54,379 [INFO] ThirdParty:798 - entering critical section [close project]
2021-05-31 12:34:54,380 [INFO] ThirdParty:809 - exiting critical section [close project]
2021-05-31 12:34:54,382 [INFO] PinOutPanel:1435 - setPackage(No Configuration,No Configuration)
2021-05-31 12:34:54,382 [INFO] UtilMem:74 - Begin LoadConfig() Used Memory: 142686632 Bytes (786432000)
2021-05-31 12:34:54,383 [INFO] MicroXplorer:442 - Change Database Path : 
2021-05-31 12:34:54,383 [INFO] MicroXplorer:472 - Change Database Version : DB.6.0.21
2021-05-31 12:34:54,383 [INFO] OpenFileManager:303 - Change cursor
2021-05-31 12:34:54,490 [WARN] IntegrityCheckThread:59 - waiting for thirdparty lock release [integrity check]
2021-05-31 12:34:54,490 [INFO] IntegrityCheckThread:61 - entering critical section [integrity check]
2021-05-31 12:34:54,998 [WARN] PackLoader:226 - Cannot read IP mode file for RoweBots.I-CUBE-UNISONRTOS.5.5.0-4
2021-05-31 12:34:55,114 [WARN] PackLoader:226 - Cannot read IP mode file for STMicroelectronics.X-CUBE-SFXS2LP1.3.0.0
2021-05-31 12:34:55,155 [WARN] ConditionMgr:437 - getConditionDescription Invalid condition id : SIGFOX STM32 LIB Condition cause : null
2021-05-31 12:34:55,156 [WARN] ConditionMgr:437 - getConditionDescription Invalid condition id : Sigfox Third Party LIB Condition cause : null
2021-05-31 12:34:55,158 [WARN] PackLoader:226 - Cannot read IP mode file for STMicroelectronics.X-CUBE-SFXS2LP1.2.0.0
2021-05-31 12:34:55,158 [WARN] ConditionMgr:1040 - genDependencies : Invalid condition id : SIGFOX STM32 LIB Condition cause : null
2021-05-31 12:34:55,158 [WARN] ConditionMgr:1040 - genDependencies : Invalid condition id : Sigfox Third Party LIB Condition cause : null
2021-05-31 12:34:55,159 [WARN] ConditionMgr:1040 - genDependencies : Invalid condition id : Sigfox Third Party LIB Condition cause : null
2021-05-31 12:34:55,159 [WARN] ConditionMgr:1040 - genDependencies : Invalid condition id : SIGFOX STM32 LIB Condition cause : null
2021-05-31 12:34:55,159 [WARN] ConditionMgr:1040 - genDependencies : Invalid condition id : SIGFOX STM32 LIB Condition cause : null
2021-05-31 12:34:55,159 [WARN] ConditionMgr:1040 - genDependencies : Invalid condition id : Sigfox Third Party LIB Condition cause : null
2021-05-31 12:34:55,209 [WARN] PackLoader:226 - Cannot read IP mode file for STMicroelectronics.X-CUBE-SUBG2.4.1.0
2021-05-31 12:34:55,283 [WARN] PackLoader:226 - Cannot read IP mode file for STMicroelectronics.X-CUBE-MEMS1.8.2.0
2021-05-31 12:34:55,466 [WARN] PackLoader:226 - Cannot read IP mode file for STMicroelectronics.X-CUBE-EEPRMA1.3.0.0
2021-05-31 12:34:55,494 [WARN] PackLoader:226 - Cannot read IP mode file for STMicroelectronics.X-CUBE-ALGOBUILD.1.1.0
2021-05-31 12:34:55,588 [WARN] PackLoader:226 - Cannot read IP mode file for SEGGER.I-CUBE-embOS.1.2.0
2021-05-31 12:34:55,652 [WARN] PackLoader:226 - Cannot read IP mode file for STMicroelectronics.X-CUBE-GNSS1.5.1.0
2021-05-31 12:34:55,749 [WARN] PackLoader:226 - Cannot read IP mode file for STMicroelectronics.X-CUBE-BLE1.6.2.0
2021-05-31 12:34:55,788 [WARN] PackLoader:226 - Cannot read IP mode file for STMicroelectronics.X-CUBE-NFC4.2.0.2
2021-05-31 12:34:55,808 [WARN] PackLoader:226 - Cannot read IP mode file for STMicroelectronics.X-CUBE-NFC4.2.0.1
2021-05-31 12:34:55,830 [WARN] PackLoader:226 - Cannot read IP mode file for STMicroelectronics.X-CUBE-BLE2.3.2.0
2021-05-31 12:34:55,939 [WARN] PackLoader:226 - Cannot read IP mode file for STMicroelectronics.X-CUBE-SUBG2.3.0.1
2021-05-31 12:34:55,989 [WARN] PackLoader:226 - Cannot read IP mode file for STMicroelectronics.X-CUBE-SUBG2.4.0.0
2021-05-31 12:34:56,041 [WARN] PackLoader:226 - Cannot read IP mode file for STMicroelectronics.X-CUBE-TOF1.1.0.0
2021-05-31 12:34:56,075 [WARN] PackLoader:226 - Cannot read IP mode file for STMicroelectronics.X-CUBE-AZRTOS-H7.1.0.0
2021-05-31 12:34:56,250 [WARN] PackLoader:226 - Cannot read IP mode file for STMicroelectronics.X-CUBE-MEMS1.8.3.0
2021-05-31 12:34:56,420 [WARN] PackLoader:226 - Cannot read IP mode file for STMicroelectronics.X-CUBE-DISPLAY.1.0.0
2021-05-31 12:34:56,468 [WARN] PackLoader:226 - Cannot read IP mode file for STMicroelectronics.X-CUBE-AI.6.0.0
2021-05-31 12:34:56,485 [WARN] PackLoader:226 - Cannot read IP mode file for STMicroelectronics.X-CUBE-ALGOBUILD.1.2.0
2021-05-31 12:34:56,530 [WARN] PackLoader:226 - Cannot read IP mode file for STMicroelectronics.X-CUBE-GNSS1.5.2.0
2021-05-31 12:34:56,547 [WARN] PackLoader:226 - Cannot read IP mode file for STMicroelectronics.X-CUBE-BLE1.6.1.0
2021-05-31 12:34:56,574 [WARN] PackLoader:226 - Cannot read IP mode file for wolfSSL.I-CUBE-wolfSSL.4.7.0
2021-05-31 12:34:56,583 [WARN] PackLoader:226 - Cannot read IP mode file for STMicroelectronics.X-CUBE-TOUCHGFX.4.16.1
2021-05-31 12:34:56,592 [WARN] PackLoader:226 - Cannot read IP mode file for STMicroelectronics.X-CUBE-AI.5.2.0
2021-05-31 12:34:56,610 [WARN] PackLoader:226 - Cannot read IP mode file for STMicroelectronics.X-CUBE-TOUCHGFX.4.16.0
2021-05-31 12:34:56,638 [WARN] PackLoader:226 - Cannot read IP mode file for STMicroelectronics.X-CUBE-BLE2.3.1.0
2021-05-31 12:34:56,639 [INFO] ThirdParty:900 - Integrity check success = true
2021-05-31 12:34:56,639 [INFO] IntegrityCheckThread:75 - exiting critical section [integrity check]
2021-05-31 12:34:56,639 [INFO] IntegrityCheckThread:78 - End integrity checks thread
2021-05-31 12:34:57,805 [INFO] Context:587 - Trying to add GPIOservice into a context  which must be forbidden
2021-05-31 12:34:58,129 [WARN] ApiManager:294 - Cannot register API 'Board Extension:S2868A1' from pack STMicroelectronics.X-CUBE-SFXS2LP1.3.0.0: no header file found
2021-05-31 12:34:58,129 [WARN] ApiManager:294 - Cannot register API 'Board Extension:S2868A2' from pack STMicroelectronics.X-CUBE-SFXS2LP1.3.0.0: no header file found
2021-05-31 12:34:58,129 [WARN] ApiManager:294 - Cannot register API 'Board Extension:S2915A1' from pack STMicroelectronics.X-CUBE-SFXS2LP1.3.0.0: no header file found
2021-05-31 12:34:58,134 [WARN] ApiManager:294 - Cannot register API 'Board Extension:S2868A1' from pack STMicroelectronics.X-CUBE-SUBG2.3.0.1: no header file found
2021-05-31 12:34:58,134 [WARN] ApiManager:294 - Cannot register API 'Board Extension:S2868A2' from pack STMicroelectronics.X-CUBE-SUBG2.3.0.1: no header file found
2021-05-31 12:34:58,134 [WARN] ApiManager:294 - Cannot register API 'Board Extension:S2915A1' from pack STMicroelectronics.X-CUBE-SUBG2.3.0.1: no header file found
2021-05-31 12:34:58,137 [WARN] ModelIntegratedComponent:51 - No mode defined for component null
2021-05-31 12:34:58,137 [WARN] ModelIntegratedComponent:51 - No mode defined for component null
2021-05-31 12:34:58,137 [WARN] ModelIntegratedComponent:51 - No mode defined for component null
2021-05-31 12:34:58,137 [WARN] ModelIntegratedComponent:51 - No mode defined for component null
2021-05-31 12:34:58,138 [WARN] ModelIntegratedComponent:51 - No mode defined for component null
2021-05-31 12:34:58,138 [WARN] ModelIntegratedComponent:51 - No mode defined for component null
2021-05-31 12:34:58,138 [WARN] ModelIntegratedComponent:51 - No mode defined for component null
2021-05-31 12:34:58,138 [WARN] ModelIntegratedComponent:51 - No mode defined for component null
2021-05-31 12:34:58,138 [WARN] ModelIntegratedComponent:51 - No mode defined for component null
2021-05-31 12:34:58,138 [WARN] ModelIntegratedComponent:51 - No mode defined for component null
2021-05-31 12:34:58,138 [WARN] ModelIntegratedComponent:51 - No mode defined for component null
2021-05-31 12:34:58,138 [WARN] ModelIntegratedComponent:51 - No mode defined for component null
2021-05-31 12:34:58,138 [WARN] ModelIntegratedComponent:51 - No mode defined for component null
2021-05-31 12:34:58,138 [WARN] ModelIntegratedComponent:51 - No mode defined for component null
2021-05-31 12:34:58,138 [WARN] ModelIntegratedComponent:51 - No mode defined for component null
2021-05-31 12:34:58,138 [WARN] ModelIntegratedComponent:51 - No mode defined for component null
2021-05-31 12:34:58,138 [WARN] ModelIntegratedComponent:51 - No mode defined for component null
2021-05-31 12:34:58,139 [WARN] ModelIntegratedComponent:51 - No mode defined for component null
2021-05-31 12:34:58,139 [WARN] ModelIntegratedComponent:51 - No mode defined for component null
2021-05-31 12:34:58,139 [WARN] ModelIntegratedComponent:51 - No mode defined for component null
2021-05-31 12:34:58,139 [WARN] ModelIntegratedComponent:51 - No mode defined for component null
2021-05-31 12:34:58,139 [WARN] ModelIntegratedComponent:51 - No mode defined for component null
2021-05-31 12:34:58,139 [WARN] ModelIntegratedComponent:51 - No mode defined for component null
2021-05-31 12:34:58,139 [WARN] ModelIntegratedComponent:51 - No mode defined for component null
2021-05-31 12:34:58,139 [WARN] ModelIntegratedComponent:51 - No mode defined for component null
2021-05-31 12:34:58,139 [WARN] ModelIntegratedComponent:51 - No mode defined for component null
2021-05-31 12:34:58,139 [WARN] ModelIntegratedComponent:51 - No mode defined for component null
2021-05-31 12:34:58,143 [WARN] ApiManager:294 - Cannot register API 'Board Extension:S2868A1' from pack STMicroelectronics.X-CUBE-SFXS2LP1.2.0.0: no header file found
2021-05-31 12:34:58,143 [WARN] ApiManager:294 - Cannot register API 'Board Extension:S2868A2' from pack STMicroelectronics.X-CUBE-SFXS2LP1.2.0.0: no header file found
2021-05-31 12:34:58,143 [WARN] ApiManager:294 - Cannot register API 'Board Extension:S2915A1' from pack STMicroelectronics.X-CUBE-SFXS2LP1.2.0.0: no header file found
2021-05-31 12:34:58,146 [WARN] ApiManager:294 - Cannot register API 'Board Extension:S2868A1' from pack STMicroelectronics.X-CUBE-SUBG2.4.1.0: no header file found
2021-05-31 12:34:58,146 [WARN] ApiManager:294 - Cannot register API 'Board Extension:S2868A2' from pack STMicroelectronics.X-CUBE-SUBG2.4.1.0: no header file found
2021-05-31 12:34:58,147 [WARN] ApiManager:294 - Cannot register API 'Board Extension:S2915A1' from pack STMicroelectronics.X-CUBE-SUBG2.4.1.0: no header file found
2021-05-31 12:34:58,150 [WARN] ApiManager:294 - Cannot register API 'Board Extension:S2868A1' from pack STMicroelectronics.X-CUBE-SUBG2.4.0.0: no header file found
2021-05-31 12:34:58,150 [WARN] ApiManager:294 - Cannot register API 'Board Extension:S2868A2' from pack STMicroelectronics.X-CUBE-SUBG2.4.0.0: no header file found
2021-05-31 12:34:58,150 [WARN] ApiManager:294 - Cannot register API 'Board Extension:S2915A1' from pack STMicroelectronics.X-CUBE-SUBG2.4.0.0: no header file found
2021-05-31 12:34:58,263 [WARN] ApiManager:294 - Cannot register API 'Board Extension:IKS01A3' from pack STMicroelectronics.X-CUBE-MEMS1.8.2.0: no header file found
2021-05-31 12:34:58,264 [WARN] ApiManager:294 - Cannot register API 'Board Extension:IKS01A2' from pack STMicroelectronics.X-CUBE-MEMS1.8.2.0: no header file found
2021-05-31 12:34:58,264 [WARN] ApiManager:294 - Cannot register API 'Board Extension:IKS02A1' from pack STMicroelectronics.X-CUBE-MEMS1.8.2.0: no header file found
2021-05-31 12:34:58,269 [WARN] ApiManager:294 - Cannot register API 'Board Extension:EEPRMA1' from pack STMicroelectronics.X-CUBE-EEPRMA1.3.0.0: no header file found
2021-05-31 12:34:58,269 [WARN] ApiManager:294 - Cannot register API 'Board Extension:EEPRMA2' from pack STMicroelectronics.X-CUBE-EEPRMA1.3.0.0: no header file found
2021-05-31 12:34:58,381 [WARN] ApiManager:294 - Cannot register API 'Board Extension:IKS01A3' from pack STMicroelectronics.X-CUBE-MEMS1.8.3.0: no header file found
2021-05-31 12:34:58,381 [WARN] ApiManager:294 - Cannot register API 'Board Extension:IKS01A2' from pack STMicroelectronics.X-CUBE-MEMS1.8.3.0: no header file found
2021-05-31 12:34:58,381 [WARN] ApiManager:294 - Cannot register API 'Board Extension:IKS02A1' from pack STMicroelectronics.X-CUBE-MEMS1.8.3.0: no header file found
2021-05-31 12:34:58,386 [INFO] RtosManager:470 - Registered RTOS mode: class=CMSIS, group=RTOS, mode=CMSIS_V1, owner=FREERTOS
2021-05-31 12:34:58,386 [INFO] RtosManager:470 - Registered RTOS mode: class=CMSIS, group=RTOS2, mode=CMSIS_V2, owner=FREERTOS
2021-05-31 12:34:58,386 [INFO] RtosManager:470 - Registered RTOS mode: class=RTOS, group=Core, mode=CMSIS_V1, owner=FREERTOS
2021-05-31 12:34:58,387 [INFO] RtosManager:470 - Registered RTOS mode: class=RTOS, group=Core, mode=CMSIS_V2, owner=FREERTOS
2021-05-31 12:34:58,387 [WARN] ModelIntegratedComponent:182 - Missing modes for component STMicroelectronics:FreeRTOS:0.0.1:STMicroelectronics:RTOS:FreeRTOS:Core:::10.2.0:
2021-05-31 12:34:58,387 [WARN] ModelIntegratedComponent:180 - Modes not found for component STMicroelectronics:USB_DEVICE:1.0.0:STMicroelectronics:USB::USB Device:Audio HS::1.0:USB_DEVICE_1_0_RESTRICTED_HS
2021-05-31 12:34:58,387 [WARN] ModelIntegratedComponent:186 - Modes not found for component STMicroelectronics:USB_DEVICE:1.0.0:STMicroelectronics:USB::USB Device:Audio HS::1.0:USB_DEVICE_1_0_RESTRICTED_HS
2021-05-31 12:34:58,387 [WARN] ModelIntegratedComponent:180 - Modes not found for component STMicroelectronics:USB_DEVICE:1.0.0:STMicroelectronics:USB::USB Device:CDC HS::1.0:USB_DEVICE_1_0_RESTRICTED_HS
2021-05-31 12:34:58,387 [WARN] ModelIntegratedComponent:186 - Modes not found for component STMicroelectronics:USB_DEVICE:1.0.0:STMicroelectronics:USB::USB Device:CDC HS::1.0:USB_DEVICE_1_0_RESTRICTED_HS
2021-05-31 12:34:58,387 [WARN] ModelIntegratedComponent:180 - Modes not found for component STMicroelectronics:USB_DEVICE:1.0.0:STMicroelectronics:USB::USB Device:DFU HS::1.0:USB_DEVICE_1_0_RESTRICTED_HS
2021-05-31 12:34:58,387 [WARN] ModelIntegratedComponent:186 - Modes not found for component STMicroelectronics:USB_DEVICE:1.0.0:STMicroelectronics:USB::USB Device:DFU HS::1.0:USB_DEVICE_1_0_RESTRICTED_HS
2021-05-31 12:34:58,387 [WARN] ModelIntegratedComponent:180 - Modes not found for component STMicroelectronics:USB_DEVICE:1.0.0:STMicroelectronics:USB::USB Device:HID HS::1.0:USB_DEVICE_1_0_RESTRICTED_HS
2021-05-31 12:34:58,387 [WARN] ModelIntegratedComponent:186 - Modes not found for component STMicroelectronics:USB_DEVICE:1.0.0:STMicroelectronics:USB::USB Device:HID HS::1.0:USB_DEVICE_1_0_RESTRICTED_HS
2021-05-31 12:34:58,388 [WARN] ModelIntegratedComponent:180 - Modes not found for component STMicroelectronics:USB_DEVICE:1.0.0:STMicroelectronics:USB::USB Device:Custom HID HS::1.0:USB_DEVICE_1_0_RESTRICTED_HS
2021-05-31 12:34:58,388 [WARN] ModelIntegratedComponent:186 - Modes not found for component STMicroelectronics:USB_DEVICE:1.0.0:STMicroelectronics:USB::USB Device:Custom HID HS::1.0:USB_DEVICE_1_0_RESTRICTED_HS
2021-05-31 12:34:58,388 [WARN] ModelIntegratedComponent:180 - Modes not found for component STMicroelectronics:USB_DEVICE:1.0.0:STMicroelectronics:USB::USB Device:MSC HS::1.0:USB_DEVICE_1_0_RESTRICTED_HS
2021-05-31 12:34:58,388 [WARN] ModelIntegratedComponent:186 - Modes not found for component STMicroelectronics:USB_DEVICE:1.0.0:STMicroelectronics:USB::USB Device:MSC HS::1.0:USB_DEVICE_1_0_RESTRICTED_HS
2021-05-31 12:34:58,393 [WARN] ApiManager:294 - Cannot register API 'Board Extension:GNSS1A1' from pack STMicroelectronics.X-CUBE-GNSS1.5.1.0: no header file found
2021-05-31 12:34:58,393 [WARN] ApiManager:294 - Cannot register API 'Board Support:Custom' from pack STMicroelectronics.X-CUBE-GNSS1.5.1.0: no header file found
2021-05-31 12:34:58,393 [WARN] ApiManager:294 - Cannot register API 'Data Exchange:lib_gnss' from pack STMicroelectronics.X-CUBE-GNSS1.5.1.0: no header file found
2021-05-31 12:34:58,393 [WARN] ApiManager:294 - Cannot register API 'Board Extension:GNSS1A1' from pack STMicroelectronics.X-CUBE-GNSS1.5.2.0: no header file found
2021-05-31 12:34:58,394 [WARN] ApiManager:294 - Cannot register API 'Board Support:Custom' from pack STMicroelectronics.X-CUBE-GNSS1.5.2.0: no header file found
2021-05-31 12:34:58,394 [WARN] ApiManager:294 - Cannot register API 'Data Exchange:lib_gnss' from pack STMicroelectronics.X-CUBE-GNSS1.5.2.0: no header file found
2021-05-31 12:34:58,394 [WARN] ApiManager:294 - Cannot register API 'Wireless:BlueNRG-MS' from pack STMicroelectronics.X-CUBE-BLE1.6.1.0: no header file found
2021-05-31 12:34:58,395 [WARN] ApiManager:294 - Cannot register API 'Wireless:BlueNRG-MS' from pack STMicroelectronics.X-CUBE-BLE1.6.2.0: no header file found
2021-05-31 12:34:58,395 [WARN] ModelIntegratedComponent:180 - Modes not found for component STMicroelectronics:USB_HOST:1.0.0:STMicroelectronics:USB::USB Host:Audio HS::1.0:USB_HOST_1_0_RESTRICTED_HS
2021-05-31 12:34:58,395 [WARN] ModelIntegratedComponent:186 - Modes not found for component STMicroelectronics:USB_HOST:1.0.0:STMicroelectronics:USB::USB Host:Audio HS::1.0:USB_HOST_1_0_RESTRICTED_HS
2021-05-31 12:34:58,395 [WARN] ModelIntegratedComponent:180 - Modes not found for component STMicroelectronics:USB_HOST:1.0.0:STMicroelectronics:USB::USB Host:CDC HS::1.0:USB_HOST_1_0_RESTRICTED_HS
2021-05-31 12:34:58,395 [WARN] ModelIntegratedComponent:186 - Modes not found for component STMicroelectronics:USB_HOST:1.0.0:STMicroelectronics:USB::USB Host:CDC HS::1.0:USB_HOST_1_0_RESTRICTED_HS
2021-05-31 12:34:58,395 [WARN] ModelIntegratedComponent:180 - Modes not found for component STMicroelectronics:USB_HOST:1.0.0:STMicroelectronics:USB::USB Host:MSC HS::1.0:USB_HOST_1_0_RESTRICTED_HS
2021-05-31 12:34:58,395 [WARN] ModelIntegratedComponent:186 - Modes not found for component STMicroelectronics:USB_HOST:1.0.0:STMicroelectronics:USB::USB Host:MSC HS::1.0:USB_HOST_1_0_RESTRICTED_HS
2021-05-31 12:34:58,395 [WARN] ModelIntegratedComponent:180 - Modes not found for component STMicroelectronics:USB_HOST:1.0.0:STMicroelectronics:USB::USB Host:HID HS::1.0:USB_HOST_1_0_RESTRICTED_HS
2021-05-31 12:34:58,395 [WARN] ModelIntegratedComponent:186 - Modes not found for component STMicroelectronics:USB_HOST:1.0.0:STMicroelectronics:USB::USB Host:HID HS::1.0:USB_HOST_1_0_RESTRICTED_HS
2021-05-31 12:34:58,395 [WARN] ModelIntegratedComponent:180 - Modes not found for component STMicroelectronics:USB_HOST:1.0.0:STMicroelectronics:USB::USB Host:MTP HS::1.0:USB_HOST_1_0_RESTRICTED_HS
2021-05-31 12:34:58,395 [WARN] ModelIntegratedComponent:186 - Modes not found for component STMicroelectronics:USB_HOST:1.0.0:STMicroelectronics:USB::USB Host:MTP HS::1.0:USB_HOST_1_0_RESTRICTED_HS
2021-05-31 12:34:58,396 [WARN] ApiManager:294 - Cannot register API 'Board Extension:NFC04A1' from pack STMicroelectronics.X-CUBE-NFC4.2.0.2: no header file found
2021-05-31 12:34:58,396 [WARN] ApiManager:294 - Cannot register API 'Board Extension:NFC04A1' from pack STMicroelectronics.X-CUBE-NFC4.2.0.1: no header file found
2021-05-31 12:34:58,397 [WARN] ApiManager:294 - Cannot register API 'Wireless:BlueNRG-2' from pack STMicroelectronics.X-CUBE-BLE2.3.1.0: no header file found
2021-05-31 12:34:58,398 [WARN] ApiManager:294 - Cannot register API 'Wireless:BlueNRG-2' from pack STMicroelectronics.X-CUBE-BLE2.3.2.0: no header file found
2021-05-31 12:34:59,441 [INFO] ImportTextPane:162 - (OptionalMessage_ERROR) IP (RCC) : Parameter (48MHZClocksFreq_Value) has invalid value (84000000)
2021-05-31 12:34:59,443 [INFO] ImportTextPane:162 - (OptionalMessage_ERROR) IP (RCC) : Parameter (FLatency) has Id (AdvancedSettings) currently not set
2021-05-31 12:34:59,443 [INFO] ImportTextPane:162 - (OptionalMessage_ERROR) IP (RCC) : Parameter (RTCHSEDivFreq_Value) has invalid value (4000000)
2021-05-31 12:34:59,606 [INFO] UtilMem:74 - End LoadConfig() Used Memory: 579895808 Bytes (786432000)
2021-05-31 12:34:59,607 [INFO] DbMcusXml:100 - Load MCU database from C:\ST\STM32CubeIDE_1.5.1\STM32CubeIDE\plugins\com.st.stm32cube.common.mx_6.2.1.202103241236\\db\/mcu/families.xml
2021-05-31 12:35:00,383 [INFO] DbMcusJson:94 - JSON generation date=Mon Feb 08 20:35:07 ICT 2021 (1612791307)
2021-05-31 12:35:01,071 [INFO] DbMcus:175 - Found 1906 MCUs (1866 are supported by CubeMX, 1866 are visible in CubeMX)
2021-05-31 12:35:01,085 [INFO] ApiDb:251 - Load user favorites file C:\Users\Thanapoom/.stm32cubeide/favorites.mcus.txt: 0 item(s)
2021-05-31 12:35:01,085 [INFO] ApiDb:255 - User favorites MCUs=[]
2021-05-31 12:35:01,085 [INFO] DbMcus:187 - Set 0 / 0 favorites MCUs
2021-05-31 12:35:01,092 [WARN] ThirdParty:762 - waiting for thirdparty lock release [change project]
2021-05-31 12:35:01,093 [INFO] ThirdParty:764 - entering critical section [change project]
2021-05-31 12:35:01,093 [INFO] ThirdParty:952 - CMSIS Pack Vendor :RoweBots I-CUBE-UNISONRTOS 5.5.0-4
2021-05-31 12:35:01,093 [INFO] ThirdParty:952 - CMSIS Pack Vendor :STMicroelectronics X-CUBE-SFXS2LP1 3.0.0
2021-05-31 12:35:01,093 [INFO] ThirdParty:952 - CMSIS Pack Vendor :STMicroelectronics USB_HOST 2.0.0
2021-05-31 12:35:01,093 [INFO] ThirdParty:952 - CMSIS Pack Vendor :STMicroelectronics X-CUBE-SUBG2 3.0.1
2021-05-31 12:35:01,093 [INFO] ThirdParty:952 - CMSIS Pack Vendor :STMicroelectronics USB_DEVICE 3.0.0
2021-05-31 12:35:01,093 [INFO] ThirdParty:952 - CMSIS Pack Vendor :STMicroelectronics HAL Drivers 0.0.0
2021-05-31 12:35:01,093 [INFO] ThirdParty:952 - CMSIS Pack Vendor :STMicroelectronics MBEDTLS 2.16.2
2021-05-31 12:35:01,093 [INFO] ThirdParty:952 - CMSIS Pack Vendor :STMicroelectronics X-CUBE-SFXS2LP1 2.0.0
2021-05-31 12:35:01,093 [INFO] ThirdParty:952 - CMSIS Pack Vendor :STMicroelectronics MBEDTLS 2.14.1
2021-05-31 12:35:01,093 [INFO] ThirdParty:952 - CMSIS Pack Vendor :STMicroelectronics X-CUBE-SUBG2 4.1.0
2021-05-31 12:35:01,093 [INFO] ThirdParty:952 - CMSIS Pack Vendor :STMicroelectronics X-CUBE-SUBG2 4.0.0
2021-05-31 12:35:01,093 [INFO] ThirdParty:952 - CMSIS Pack Vendor :STMicroelectronics X-CUBE-TOF1 1.0.0
2021-05-31 12:35:01,093 [INFO] ThirdParty:952 - CMSIS Pack Vendor :STMicroelectronics X-CUBE-AZRTOS-H7 1.0.0
2021-05-31 12:35:01,094 [INFO] ThirdParty:952 - CMSIS Pack Vendor :STMicroelectronics USB_DEVICE 2.0.0
2021-05-31 12:35:01,094 [INFO] ThirdParty:952 - CMSIS Pack Vendor :STMicroelectronics X-CUBE-MEMS1 8.2.0
2021-05-31 12:35:01,094 [INFO] ThirdParty:952 - CMSIS Pack Vendor :STMicroelectronics X-CUBE-EEPRMA1 3.0.0
2021-05-31 12:35:01,094 [INFO] ThirdParty:952 - CMSIS Pack Vendor :STMicroelectronics X-CUBE-MEMS1 8.3.0
2021-05-31 12:35:01,094 [INFO] ThirdParty:952 - CMSIS Pack Vendor :STMicroelectronics X-CUBE-DISPLAY 1.0.0
2021-05-31 12:35:01,094 [INFO] ThirdParty:952 - CMSIS Pack Vendor :STMicroelectronics FreeRTOS 0.0.1
2021-05-31 12:35:01,094 [INFO] ThirdParty:952 - CMSIS Pack Vendor :STMicroelectronics USB_DEVICE 1.0.0
2021-05-31 12:35:01,094 [INFO] ThirdParty:952 - CMSIS Pack Vendor :STMicroelectronics X-CUBE-AI 6.0.0
2021-05-31 12:35:01,094 [INFO] ThirdParty:952 - CMSIS Pack Vendor :STMicroelectronics X-CUBE-ALGOBUILD 1.1.0
2021-05-31 12:35:01,094 [INFO] ThirdParty:952 - CMSIS Pack Vendor :SEGGER I-CUBE-embOS 1.2.0
2021-05-31 12:35:01,094 [INFO] ThirdParty:952 - CMSIS Pack Vendor :STMicroelectronics X-CUBE-ALGOBUILD 1.2.0
2021-05-31 12:35:01,094 [INFO] ThirdParty:952 - CMSIS Pack Vendor :STMicroelectronics X-CUBE-GNSS1 5.1.0
2021-05-31 12:35:01,094 [INFO] ThirdParty:952 - CMSIS Pack Vendor :STMicroelectronics X-CUBE-GNSS1 5.2.0
2021-05-31 12:35:01,094 [INFO] ThirdParty:952 - CMSIS Pack Vendor :STMicroelectronics X-CUBE-BLE1 6.1.0
2021-05-31 12:35:01,094 [INFO] ThirdParty:952 - CMSIS Pack Vendor :STMicroelectronics lwIP 2.0.3
2021-05-31 12:35:01,094 [INFO] ThirdParty:952 - CMSIS Pack Vendor :STMicroelectronics lwIP 2.1.2
2021-05-31 12:35:01,095 [INFO] ThirdParty:952 - CMSIS Pack Vendor :STMicroelectronics X-CUBE-BLE1 6.2.0
2021-05-31 12:35:01,095 [INFO] ThirdParty:952 - CMSIS Pack Vendor :STMicroelectronics USB_HOST 1.0.0
2021-05-31 12:35:01,095 [INFO] ThirdParty:952 - CMSIS Pack Vendor :STMicroelectronics X-CUBE-NFC4 2.0.2
2021-05-31 12:35:01,095 [INFO] ThirdParty:952 - CMSIS Pack Vendor :STMicroelectronics X-CUBE-NFC4 2.0.1
2021-05-31 12:35:01,095 [INFO] ThirdParty:952 - CMSIS Pack Vendor :wolfSSL I-CUBE-wolfSSL 4.7.0
2021-05-31 12:35:01,095 [INFO] ThirdParty:952 - CMSIS Pack Vendor :STMicroelectronics X-CUBE-TOUCHGFX 4.16.1
2021-05-31 12:35:01,095 [INFO] ThirdParty:952 - CMSIS Pack Vendor :STMicroelectronics X-CUBE-AI 5.2.0
2021-05-31 12:35:01,095 [INFO] ThirdParty:952 - CMSIS Pack Vendor :STMicroelectronics PDM2PCM 3.1.0
2021-05-31 12:35:01,095 [INFO] ThirdParty:952 - CMSIS Pack Vendor :STMicroelectronics X-CUBE-TOUCHGFX 4.16.0
2021-05-31 12:35:01,095 [INFO] ThirdParty:952 - CMSIS Pack Vendor :STMicroelectronics PDM2PCM 3.2.0
2021-05-31 12:35:01,095 [INFO] ThirdParty:952 - CMSIS Pack Vendor :STMicroelectronics X-CUBE-BLE2 3.1.0
2021-05-31 12:35:01,095 [INFO] ThirdParty:952 - CMSIS Pack Vendor :STMicroelectronics PDM2PCM 3.3.0
2021-05-31 12:35:01,095 [INFO] ThirdParty:952 - CMSIS Pack Vendor :STMicroelectronics X-CUBE-BLE2 3.2.0
2021-05-31 12:35:01,095 [INFO] ThirdParty:770 - exiting critical section [change project]
2021-05-31 12:35:02,663 [INFO] PinOutPanel:1435 - setPackage(No Configuration,No Configuration)
2021-05-31 12:35:02,664 [INFO] PinOutPanel:1435 - setPackage(STM32F411RETx,LQFP64)
2021-05-31 12:35:03,109 [INFO] UtilMem:74 - Before build in PCC Used Memory: 257642496 Bytes (786432000)
2021-05-31 12:35:03,710 [INFO] SharedServices:72 - Folder for power plug-in: C:/Users/Thanapoom/.stm32cubemx/plugins/power
2021-05-31 12:35:03,797 [INFO] SharedServices:72 - Folder for power plug-in: C:/Users/Thanapoom/.stm32cubemx/plugins/power
2021-05-31 12:35:03,855 [INFO] SharedServices:72 - Folder for power plug-in: C:/Users/Thanapoom/.stm32cubemx/plugins/power
2021-05-31 12:35:03,858 [INFO] SharedServices:72 - Folder for power plug-in: C:/Users/Thanapoom/.stm32cubemx/plugins/power
2021-05-31 12:35:04,068 [INFO] UtilMem:74 - After build in PCC Used Memory: 338905088 Bytes (786432000)
2021-05-31 12:35:04,097 [INFO] IPUIPlugin:64 - create IPUIPlugin
2021-05-31 12:35:04,097 [INFO] IPUIPlugin:64 - create IPUIPlugin
2021-05-31 12:35:04,098 [INFO] IPUIPlugin:64 - create IPUIPlugin
2021-05-31 12:35:04,098 [INFO] IPUIPlugin:64 - create IPUIPlugin
2021-05-31 12:35:04,098 [INFO] IPUIPlugin:64 - create IPUIPlugin
2021-05-31 12:35:04,098 [INFO] IPUIPlugin:64 - create IPUIPlugin
2021-05-31 12:35:04,098 [INFO] IPUIPlugin:64 - create IPUIPlugin
2021-05-31 12:35:04,098 [INFO] IPUIPlugin:64 - create IPUIPlugin
2021-05-31 12:35:04,099 [INFO] IPUIPlugin:64 - create IPUIPlugin
2021-05-31 12:35:04,099 [INFO] IPUIPlugin:64 - create IPUIPlugin
2021-05-31 12:35:04,099 [INFO] IPUIPlugin:64 - create IPUIPlugin
2021-05-31 12:35:04,099 [INFO] IPUIPlugin:64 - create IPUIPlugin
2021-05-31 12:35:04,099 [INFO] IPUIPlugin:64 - create IPUIPlugin
2021-05-31 12:35:04,099 [INFO] IPUIPlugin:64 - create IPUIPlugin
2021-05-31 12:35:04,100 [INFO] IPUIPlugin:64 - create IPUIPlugin
2021-05-31 12:35:04,100 [INFO] IPUIPlugin:64 - create IPUIPlugin
2021-05-31 12:35:04,100 [INFO] IPUIPlugin:64 - create IPUIPlugin
2021-05-31 12:35:04,101 [INFO] IPUIPlugin:64 - create IPUIPlugin
2021-05-31 12:35:04,101 [INFO] IPUIPlugin:64 - create IPUIPlugin
2021-05-31 12:35:04,101 [INFO] IPUIPlugin:64 - create IPUIPlugin
2021-05-31 12:35:04,101 [INFO] IPUIPlugin:64 - create IPUIPlugin
2021-05-31 12:35:04,102 [INFO] IPUIPlugin:64 - create IPUIPlugin
2021-05-31 12:35:04,102 [INFO] IPUIPlugin:64 - create IPUIPlugin
2021-05-31 12:35:04,102 [INFO] IPUIPlugin:64 - create IPUIPlugin
2021-05-31 12:35:04,103 [INFO] IPUIPlugin:64 - create IPUIPlugin
2021-05-31 12:35:04,103 [INFO] IPUIPlugin:64 - create IPUIPlugin
2021-05-31 12:35:04,103 [INFO] IPUIPlugin:64 - create IPUIPlugin
2021-05-31 12:35:04,104 [INFO] IPUIPlugin:64 - create IPUIPlugin
2021-05-31 12:35:04,104 [INFO] IPUIPlugin:64 - create IPUIPlugin
2021-05-31 12:35:04,104 [INFO] IPUIPlugin:64 - create IPUIPlugin
2021-05-31 12:35:04,105 [INFO] IPUIPlugin:64 - create IPUIPlugin
2021-05-31 12:35:04,105 [INFO] IPUIPlugin:64 - create IPUIPlugin
2021-05-31 12:35:04,105 [INFO] IPUIPlugin:64 - create IPUIPlugin
2021-05-31 12:35:04,106 [INFO] IPUIPlugin:64 - create IPUIPlugin
2021-05-31 12:35:04,106 [INFO] IPUIPlugin:64 - create IPUIPlugin
2021-05-31 12:35:04,106 [INFO] IPUIPlugin:64 - create IPUIPlugin
2021-05-31 12:35:04,107 [INFO] IPUIPlugin:64 - create IPUIPlugin
2021-05-31 12:35:04,107 [INFO] IPUIPlugin:64 - create IPUIPlugin
2021-05-31 12:35:04,108 [INFO] IPUIPlugin:64 - create IPUIPlugin
2021-05-31 12:35:04,108 [INFO] IPUIPlugin:64 - create IPUIPlugin
2021-05-31 12:35:04,108 [INFO] IPUIPlugin:64 - create IPUIPlugin
2021-05-31 12:35:04,108 [INFO] IPUIPlugin:64 - create IPUIPlugin
2021-05-31 12:35:04,110 [INFO] IPUIPlugin:64 - create IPUIPlugin
2021-05-31 12:35:04,148 [INFO] ApiDbMcu:458 - Load IP Config File for PDM2PCM
2021-05-31 12:35:04,176 [INFO] LogOutputStream:76 - [STDOUT_REDIRECT] toolchainItems.length=====1
2021-05-31 12:35:04,340 [INFO] OpenFileManager:323 - Restore cursor
2021-05-31 12:35:07,078 [ERROR] LogOutputStream:74 - [STDERR_REDIRECT] SLF4J: Failed to load class "org.slf4j.impl.StaticLoggerBinder".
2021-05-31 12:35:07,106 [ERROR] LogOutputStream:74 - [STDERR_REDIRECT] SLF4J: Defaulting to no-operation (NOP) logger implementation
2021-05-31 12:35:07,109 [ERROR] LogOutputStream:74 - [STDERR_REDIRECT] SLF4J: See http://www.slf4j.org/codes.html#StaticLoggerBinder for further details.
2021-05-31 12:39:15,460 [INFO] UtilMem:74 - End SaveConfig() Used Memory: 604875520 Bytes (855638016)
2021-05-31 12:39:16,387 [INFO] UtilMem:74 - End SaveConfig() Used Memory: 619029248 Bytes (855638016)
2021-05-31 12:39:18,070 [INFO] ServerAccessManage:348 - Download File stm32cube_fw_f4_v1260.zip
2021-05-31 12:39:36,007 [INFO] FileExtend:225 - Unzip File : stm32cube_fw_f4_v1260.zip
2021-05-31 12:39:36,007 [INFO] FileExtend:240 - Standard Zip Deflate
2021-05-31 12:42:02,022 [INFO] ServerAccessManage:348 - Download File stm32cube_fw_f4_v1261.zip
2021-05-31 12:42:02,218 [INFO] FileExtend:225 - Unzip File : stm32cube_fw_f4_v1261.zip
2021-05-31 12:42:02,218 [INFO] FileExtend:240 - Standard Zip Deflate
2021-05-31 12:42:03,074 [INFO] LoadServerPackagesThread:169 - End of LoadServerPackages Thread
2021-05-31 12:42:03,442 [INFO] UtilMem:74 - End SaveConfig() Used Memory: 715664480 Bytes (1073741824)
2021-05-31 12:42:03,892 [INFO] CheckServerUpdateThread:102 - End of CheckServer Thread
2021-05-31 12:42:04,916 [INFO] BlockDiagram:2735 - set Specific Code input for plugin: NVIC
2021-05-31 12:42:04,916 [INFO] BlockDiagram:2735 - set Specific Code input for plugin: USART
2021-05-31 12:42:04,916 [INFO] BlockDiagram:2735 - set Specific Code input for plugin: USART
2021-05-31 12:42:04,916 [INFO] BlockDiagram:2735 - set Specific Code input for plugin: TIM1_8
2021-05-31 12:42:04,916 [INFO] BlockDiagram:2735 - set Specific Code input for plugin: SYS
2021-05-31 12:42:04,917 [INFO] BlockDiagram:2735 - set Specific Code input for plugin: GPIO
2021-05-31 12:42:04,917 [INFO] BlockDiagram:2735 - set Specific Code input for plugin: ADC
2021-05-31 12:42:04,917 [INFO] BlockDiagram:2735 - set Specific Code input for plugin: RCC
2021-05-31 12:42:04,918 [INFO] CodeGenerator:641 - code generatio: config db path: C:\ST\STM32CubeIDE_1.5.1\STM32CubeIDE\plugins\com.st.stm32cube.common.mx_6.2.1.202103241236\\db\
2021-05-31 12:42:05,607 [INFO] CodeEngine:229 - oldGeneratedFile, C:\Users\Thanapoom\git\AAD\automatic-dispenser\MXTmpFiles\license.tmp_save
2021-05-31 12:42:06,845 [INFO] CodeEngine:247 - Generated code: C:\Users\Thanapoom\git\AAD\automatic-dispenser\MXTmpFiles\license.tmp
2021-05-31 12:42:07,209 [INFO] CodeEngine:229 - oldGeneratedFile, C:\Users\Thanapoom\git\AAD\automatic-dispenser\MXTmpFiles\gpio.tmp_save
2021-05-31 12:42:07,417 [INFO] CodeEngine:247 - Generated code: C:\Users\Thanapoom\git\AAD\automatic-dispenser\MXTmpFiles\gpio.tmp
2021-05-31 12:42:08,211 [INFO] LogOutputStream:76 - [STDOUT_REDIRECT] Command line
2021-05-31 12:42:08,213 [INFO] LogOutputStream:76 - [STDOUT_REDIRECT] Command line
2021-05-31 12:42:08,214 [INFO] LogOutputStream:76 - [STDOUT_REDIRECT] Command line
2021-05-31 12:42:08,426 [INFO] CodeEngine:229 - oldGeneratedFile, C:\Users\Thanapoom\git\AAD\automatic-dispenser\Core\Src\stm32f4xx_it.c_save
2021-05-31 12:42:08,647 [INFO] CodeEngine:247 - Generated code: C:\Users\Thanapoom\git\AAD\automatic-dispenser\Core\Src\stm32f4xx_it.c
2021-05-31 12:42:08,672 [INFO] CodeEngine:229 - oldGeneratedFile, C:\Users\Thanapoom\git\AAD\automatic-dispenser\Core\Inc\stm32f4xx_it.h_save
2021-05-31 12:42:08,783 [INFO] CodeEngine:247 - Generated code: C:\Users\Thanapoom\git\AAD\automatic-dispenser\Core\Inc\stm32f4xx_it.h
2021-05-31 12:42:09,051 [INFO] CodeEngine:229 - oldGeneratedFile, C:\Users\Thanapoom\git\AAD\automatic-dispenser\Core\Src\stm32f4xx_hal_msp.c_save
2021-05-31 12:42:09,400 [INFO] CodeEngine:247 - Generated code: C:\Users\Thanapoom\git\AAD\automatic-dispenser\Core\Src\stm32f4xx_hal_msp.c
2021-05-31 12:42:09,479 [INFO] CodeEngine:229 - oldGeneratedFile, C:\Users\Thanapoom\git\AAD\automatic-dispenser\MXTmpFiles\system.tmp_save
2021-05-31 12:42:09,550 [INFO] CodeEngine:247 - Generated code: C:\Users\Thanapoom\git\AAD\automatic-dispenser\MXTmpFiles\system.tmp
2021-05-31 12:42:09,604 [INFO] CodeEngine:229 - oldGeneratedFile, C:\Users\Thanapoom\git\AAD\automatic-dispenser\Core\Inc\stm32f4xx_hal_conf.h_save
2021-05-31 12:42:09,729 [INFO] CodeEngine:247 - Generated code: C:\Users\Thanapoom\git\AAD\automatic-dispenser\Core\Inc\stm32f4xx_hal_conf.h
2021-05-31 12:42:09,794 [WARN] IPConfigManager:2976 - IP not found : TIM
2021-05-31 12:42:09,814 [WARN] CodeGenerator:3191 - IP not found : null
2021-05-31 12:42:09,851 [INFO] CodeEngine:229 - oldGeneratedFile, C:\Users\Thanapoom\git\AAD\automatic-dispenser\Core\Inc\main.h_save
2021-05-31 12:42:09,964 [INFO] CodeEngine:247 - Generated code: C:\Users\Thanapoom\git\AAD\automatic-dispenser\Core\Inc\main.h
2021-05-31 12:42:10,045 [INFO] CodeEngine:229 - oldGeneratedFile, C:\Users\Thanapoom\git\AAD\automatic-dispenser\Core\Src\main.c_save
2021-05-31 12:42:10,214 [INFO] CodeEngine:247 - Generated code: C:\Users\Thanapoom\git\AAD\automatic-dispenser\Core\Src\main.c
2021-05-31 12:42:11,545 [INFO] ProjectBuilder:2460 - Time for Copy HAL[1] : 729mS.
2021-05-31 12:42:11,586 [INFO] ProjectBuilder:3418 - Project Generator version: 3.13.0-B3
2021-05-31 12:42:12,022 [INFO] ConfigFileManager:1242 - The Die is : DIE431
2021-05-31 12:42:12,054 [INFO] ApiDbMcu:458 - Load IP Config File for FATFS
2021-05-31 12:42:12,112 [INFO] ApiDbMcu:458 - Load IP Config File for FREERTOS
2021-05-31 12:42:12,146 [INFO] ApiDbMcu:458 - Load IP Config File for LIBJPEG
2021-05-31 12:42:12,296 [INFO] ApiDbMcu:458 - Load IP Config File for MBEDTLS
2021-05-31 12:42:12,465 [INFO] ApiDbMcu:458 - Load IP Config File for USB_DEVICE
2021-05-31 12:42:12,499 [INFO] ApiDbMcu:458 - Load IP Config File for USB_HOST
2021-05-31 12:42:19,190 [INFO] ProjectBuilder:3584 - Time for Generating toolchain IDE Files: 7604mS.
2021-05-31 12:42:19,191 [INFO] ProjectBuilder:2339 - Time for Copy CMSIS : 1mS.
2021-05-31 12:42:19,194 [INFO] ProjectBuilder:2339 - Time for Copy CMSIS : 0mS.
